<?xml version="1.0" encoding="UTF-8"?>
<!-- Generated by org.testng.reporters.JUnitReportReporter -->
<testsuite name="com.company.testcase.HomeTestCase" tests="1" time="22.464" ignored="0" failures="0" timestamp="25 Jul 2017 04:47:32 GMT" skipped="0" hostname="ShwetAnkit" errors="0">
  <testcase name="homeTestCase" time="22.464" classname="com.company.testcase.HomeTestCase"/>
</testsuite> <!-- com.company.testcase.HomeTestCase -->
